<?xml version="1.0" encoding="UTF-8"?>
<!-- Generated by org.testng.reporters.JUnitReportReporter -->
<testsuite hostname="DESKTOP-JFOCGCL" failures="0" tests="1" name="codigo.codigoAutomationPractice" time="17.890" errors="0" timestamp="2020-12-27T23:32:32 ART" skipped="0">
  <testcase classname="codigo.codigoAutomationPractice" name="fillCompleteForm" time="17.890"/>
  <system-out/>
</testsuite> <!-- codigo.codigoAutomationPractice -->
