<?xml version="1.0" encoding="UTF-8"?>
<!-- Generated by org.testng.reporters.JUnitReportReporter -->
<testsuite hostname="DESKTOP-JFOCGCL" failures="0" tests="7" name="codigo.codigoSeleniumEasy" time="70.997" errors="0" timestamp="2020-12-26T17:41:37 ART" skipped="0">
  <testcase classname="codigo.codigoSeleniumEasy" name="SendDataClick" time="10.085"/>
  <system-out/>
  <testcase classname="codigo.codigoSeleniumEasy" name="verifyCheckBoxTwo" time="9.247"/>
  <system-out/>
  <testcase classname="codigo.codigoSeleniumEasy" name="verifyCheckOne" time="9.510"/>
  <system-out/>
  <testcase classname="codigo.codigoSeleniumEasy" name="verifyCheckBoxThree" time="10.216"/>
  <system-out/>
  <testcase classname="codigo.codigoSeleniumEasy" name="verifyCheckBoxFour" time="10.249"/>
  <system-out/>
  <testcase classname="codigo.codigoSeleniumEasy" name="verifySeleniumEasyPage" time="10.800"/>
  <system-out/>
  <testcase classname="codigo.codigoSeleniumEasy" name="checkAllCheckboxes" time="10.890"/>
  <system-out/>
</testsuite> <!-- codigo.codigoSeleniumEasy -->
