<?xml version="1.0" encoding="UTF-8"?>
<!-- Generated by org.testng.reporters.JUnitReportReporter -->
<testsuite hostname="DESKTOP-JFOCGCL" failures="0" tests="1" name="codigo.codigoRadioButton" time="13.558" errors="0" timestamp="2020-12-23T13:49:54 ART" skipped="0">
  <testcase classname="codigo.codigoRadioButton" name="verifyRadioButton" time="13.558"/>
  <system-out/>
</testsuite> <!-- codigo.codigoRadioButton -->
