<?xml version="1.0" encoding="UTF-8"?>
<!-- Generated by org.testng.reporters.JUnitReportReporter -->
<testsuite hostname="DESKTOP-JFOCGCL" failures="0" tests="2" name="codigo.codigoMyAccount" time="37.233" errors="0" timestamp="2020-12-26T21:38:09 ART" skipped="0">
  <testcase classname="codigo.codigoMyAccount" name="loginExistentUsr" time="12.264"/>
  <system-out/>
  <testcase classname="codigo.codigoMyAccount" name="fillCompleteForm" time="24.969"/>
  <system-out/>
</testsuite> <!-- codigo.codigoMyAccount -->
